<?xml version="1.0" encoding="UTF-8"?>
<!-- Generated by org.testng.reporters.JUnitReportReporter -->
<testsuite skipped="0" hostname="DESKTOP-QL14I6H" name="stepDefination.LaunchApplication" tests="1" failures="0" timestamp="30 Dec 2018 11:00:26 GMT" time="59.898" errors="0">
  <testcase name="launchApplicationTest" time="59.898" classname="stepDefination.LaunchApplication"/>
</testsuite> <!-- stepDefination.LaunchApplication -->
